SF:lib/models/job.dart
DA:20,1
DA:35,0
DA:36,0
DA:37,0
DA:38,0
DA:39,0
DA:40,0
DA:41,0
DA:42,0
DA:43,0
DA:44,0
DA:45,0
DA:46,0
DA:47,0
DA:48,0
DA:69,0
DA:86,0
DA:87,0
DA:88,0
DA:89,0
DA:90,0
DA:91,0
DA:92,0
DA:93,0
DA:94,0
DA:95,0
DA:96,0
DA:97,0
DA:98,0
DA:99,0
DA:108,0
DA:110,0
DA:111,0
DA:112,0
DA:117,0
DA:118,0
DA:119,0
DA:121,0
LF:38
LH:1
end_of_record
SF:lib/models/technology_model.dart
DA:8,2
DA:10,0
DA:11,0
DA:13,3
LF:4
LH:2
end_of_record
SF:lib/remoteService.dart
DA:13,0
DA:14,0
DA:15,0
DA:16,0
DA:18,0
DA:19,0
DA:20,0
DA:21,0
DA:24,0
LF:9
LH:0
end_of_record
SF:lib/models/filter_model.dart
DA:11,1
DA:12,2
DA:13,1
DA:14,2
DA:17,0
DA:23,0
DA:24,0
DA:25,0
DA:26,0
DA:30,0
DA:34,0
DA:37,0
DA:41,0
DA:44,0
DA:46,0
DA:48,0
DA:50,0
DA:53,0
DA:57,0
DA:60,0
DA:63,0
DA:64,0
DA:67,0
DA:70,0
DA:73,0
DA:77,1
DA:80,1
DA:82,2
DA:83,2
DA:84,2
DA:85,1
DA:86,4
DA:87,4
DA:88,1
DA:95,3
DA:98,1
DA:99,2
DA:100,2
DA:101,2
DA:102,1
DA:111,1
DA:112,2
DA:113,2
DA:114,1
DA:115,5
DA:116,1
DA:122,3
LF:47
LH:26
end_of_record
SF:lib/models/salary_model.dart
DA:9,1
DA:15,0
DA:16,0
DA:18,3
DA:19,1
DA:20,1
DA:21,1
DA:22,1
DA:23,1
DA:24,1
DA:27,3
DA:28,1
LF:12
LH:10
end_of_record
